# JRE version: OpenJDK Runtime Environment (11.0.8+10) (build 11.0.8+10-b944.6842174)
# Java VM: OpenJDK 64-Bit Server VM (11.0.8+10-b944.6842174, mixed mode, tiered, compressed oops, g1 gc, windows-amd64)
Heap:
 garbage-first heap   total 386048K, used 224829K [0x0000000080000000, 0x0000000100000000)
  region size 1024K, 102 young (104448K), 6 survivors (6144K)
 Metaspace       used 139932K, capacity 143555K, committed 146304K, reserved 1177600K
  class space    used 16973K, capacity 18204K, committed 18816K, reserved 1048576K
GC Heap History (20 events):
Event: 1762.197 GC heap before
{Heap before GC invocations=99 (full 0):
 garbage-first heap   total 386048K, used 175437K [0x0000000080000000, 0x0000000100000000)
  region size 1024K, 52 young (53248K), 2 survivors (2048K)
 Metaspace       used 134017K, capacity 137622K, committed 137856K, reserved 1169408K
  class space    used 16513K, capacity 17719K, committed 17792K, reserved 1048576K
}
Event: 1762.205 GC heap after
{Heap after GC invocations=100 (full 0):
 garbage-first heap   total 386048K, used 124585K [0x0000000080000000, 0x0000000100000000)
  region size 1024K, 2 young (2048K), 2 survivors (2048K)
 Metaspace       used 134017K, capacity 137622K, committed 137856K, reserved 1169408K
  class space    used 16513K, capacity 17719K, committed 17792K, reserved 1048576K
}
Event: 1766.578 GC heap before
{Heap before GC invocations=101 (full 0):
 garbage-first heap   total 386048K, used 297641K [0x0000000080000000, 0x0000000100000000)
  region size 1024K, 165 young (168960K), 2 survivors (2048K)
 Metaspace       used 140588K, capacity 144429K, committed 144512K, reserved 1175552K
  class space    used 17212K, capacity 18523K, committed 18560K, reserved 1048576K
}
Event: 1766.589 GC heap after
{Heap after GC invocations=102 (full 0):
 garbage-first heap   total 386048K, used 129661K [0x0000000080000000, 0x0000000100000000)
  region size 1024K, 5 young (5120K), 5 survivors (5120K)
 Metaspace       used 140588K, capacity 144429K, committed 144512K, reserved 1175552K
  class space    used 17212K, capacity 18523K, committed 18560K, reserved 1048576K
}
Event: 1766.872 GC heap before
{Heap before GC invocations=102 (full 0):
 garbage-first heap   total 386048K, used 147069K [0x0000000080000000, 0x0000000100000000)
  region size 1024K, 18 young (18432K), 5 survivors (5120K)
 Metaspace       used 141108K, capacity 145012K, committed 145152K, reserved 1175552K
  class space    used 17286K, capacity 18656K, committed 18688K, reserved 1048576K
}
Event: 1766.885 GC heap after
{Heap after GC invocations=103 (full 0):
 garbage-first heap   total 386048K, used 126921K [0x0000000080000000, 0x0000000100000000)
  region size 1024K, 2 young (2048K), 2 survivors (2048K)
 Metaspace       used 141108K, capacity 145012K, committed 145152K, reserved 1175552K
  class space    used 17286K, capacity 18656K, committed 18688K, reserved 1048576K
}
Event: 1766.957 GC heap before
{Heap before GC invocations=103 (full 0):
 garbage-first heap   total 386048K, used 127945K [0x0000000080000000, 0x0000000100000000)
  region size 1024K, 4 young (4096K), 2 survivors (2048K)
 Metaspace       used 141271K, capacity 145208K, committed 145408K, reserved 1175552K
  class space    used 17304K, capacity 18657K, committed 18688K, reserved 1048576K
}
Event: 1766.960 GC heap after
{Heap after GC invocations=104 (full 0):
 garbage-first heap   total 386048K, used 126362K [0x0000000080000000, 0x0000000100000000)
  region size 1024K, 1 young (1024K), 1 survivors (1024K)
 Metaspace       used 141271K, capacity 145208K, committed 145408K, reserved 1175552K
  class space    used 17304K, capacity 18657K, committed 18688K, reserved 1048576K
}
Event: 2209.006 GC heap before
{Heap before GC invocations=105 (full 0):
 garbage-first heap   total 386048K, used 322970K [0x0000000080000000, 0x0000000100000000)
  region size 1024K, 179 young (183296K), 1 survivors (1024K)
 Metaspace       used 142167K, capacity 146112K, committed 146304K, reserved 1177600K
  class space    used 17378K, capacity 18712K, committed 18816K, reserved 1048576K
}
Event: 2209.020 GC heap after
{Heap after GC invocations=106 (full 0):
 garbage-first heap   total 386048K, used 132754K [0x0000000080000000, 0x0000000100000000)
  region size 1024K, 5 young (5120K), 5 survivors (5120K)
 Metaspace       used 142167K, capacity 146112K, committed 146304K, reserved 1177600K
  class space    used 17378K, capacity 18712K, committed 18816K, reserved 1048576K
}
Event: 2209.609 GC heap before
{Heap before GC invocations=106 (full 0):
 garbage-first heap   total 386048K, used 145042K [0x0000000080000000, 0x0000000100000000)
  region size 1024K, 18 young (18432K), 5 survivors (5120K)
 Metaspace       used 142171K, capacity 146112K, committed 146304K, reserved 1177600K
  class space    used 17378K, capacity 18712K, committed 18816K, reserved 1048576K
}
Event: 2209.620 GC heap after
{Heap after GC invocations=107 (full 0):
 garbage-first heap   total 386048K, used 130184K [0x0000000080000000, 0x0000000100000000)
  region size 1024K, 1 young (1024K), 1 survivors (1024K)
 Metaspace       used 142171K, capacity 146112K, committed 146304K, reserved 1177600K
  class space    used 17378K, capacity 18712K, committed 18816K, reserved 1048576K
}
Event: 2210.646 GC heap before
{Heap before GC invocations=107 (full 0):
 garbage-first heap   total 386048K, used 156808K [0x0000000080000000, 0x0000000100000000)
  region size 1024K, 28 young (28672K), 1 survivors (1024K)
 Metaspace       used 142219K, capacity 146192K, committed 146304K, reserved 1177600K
  class space    used 17382K, capacity 18716K, committed 18816K, reserved 1048576K
}
Event: 2210.654 GC heap after
{Heap after GC invocations=108 (full 0):
 garbage-first heap   total 386048K, used 131022K [0x0000000080000000, 0x0000000100000000)
  region size 1024K, 2 young (2048K), 2 survivors (2048K)
 Metaspace       used 142219K, capacity 146192K, committed 146304K, reserved 1177600K
  class space    used 17382K, capacity 18716K, committed 18816K, reserved 1048576K
}
Event: 2239.015 GC heap before
{Heap before GC invocations=109 (full 0):
 garbage-first heap   total 386048K, used 310222K [0x0000000080000000, 0x0000000100000000)
  region size 1024K, 164 young (167936K), 2 survivors (2048K)
 Metaspace       used 139360K, capacity 142761K, committed 146304K, reserved 1177600K
  class space    used 16922K, capacity 18112K, committed 18816K, reserved 1048576K
}
Event: 2239.042 GC heap after
{Heap after GC invocations=110 (full 0):
 garbage-first heap   total 386048K, used 130348K [0x0000000080000000, 0x0000000100000000)
  region size 1024K, 6 young (6144K), 6 survivors (6144K)
 Metaspace       used 139360K, capacity 142761K, committed 146304K, reserved 1177600K
  class space    used 16922K, capacity 18112K, committed 18816K, reserved 1048576K
}
Event: 2239.272 GC heap before
{Heap before GC invocations=110 (full 0):
 garbage-first heap   total 386048K, used 141612K [0x0000000080000000, 0x0000000100000000)
  region size 1024K, 18 young (18432K), 6 survivors (6144K)
 Metaspace       used 139364K, capacity 142761K, committed 146304K, reserved 1177600K
  class space    used 16922K, capacity 18112K, committed 18816K, reserved 1048576K
}
Event: 2239.354 GC heap after
{Heap after GC invocations=111 (full 0):
 garbage-first heap   total 386048K, used 109418K [0x0000000080000000, 0x0000000100000000)
  region size 1024K, 1 young (1024K), 1 survivors (1024K)
 Metaspace       used 139364K, capacity 142761K, committed 146304K, reserved 1177600K
  class space    used 16922K, capacity 18112K, committed 18816K, reserved 1048576K
}
Event: 2277.528 GC heap before
{Heap before GC invocations=111 (full 0):
 garbage-first heap   total 386048K, used 208746K [0x0000000080000000, 0x0000000100000000)
  region size 1024K, 100 young (102400K), 1 survivors (1024K)
 Metaspace       used 139759K, capacity 143391K, committed 146304K, reserved 1177600K
  class space    used 16968K, capacity 18197K, committed 18816K, reserved 1048576K
}
Event: 2277.548 GC heap after
{Heap after GC invocations=112 (full 0):
 garbage-first heap   total 386048K, used 114237K [0x0000000080000000, 0x0000000100000000)
  region size 1024K, 6 young (6144K), 6 survivors (6144K)
 Metaspace       used 139759K, capacity 143391K, committed 146304K, reserved 1177600K
  class space    used 16968K, capacity 18197K, committed 18816K, reserved 1048576K
}

